Using pre-set license
Built from '2020.3/staging' branch; Version is '2020.3.40f1 (ba48d4efcef1) revision 12208340'; Using compiler version '192528614'; Build Type 'Release'
OS: 'Windows 11  (10.0.22621) 64bit Professional' Language: 'tr' Physical Memory: 16243 MB
BatchMode: 1, IsHumanControllingUs: 0, StartBugReporterOnCrash: 0, Is64bit: 1, IsPro: 0

COMMAND LINE ARGUMENTS:
C:\Program Files\Unity\Hub\Editor\2020.3.40f1\Editor\Unity.exe
-adb2
-batchMode
-noUpm
-name
AssetImportWorker0
-projectPath
C:/Users/brfna/Desktop/UnityProjects/Day2
-logFile
Logs/AssetImportWorker0.log
-srvPort
54388
Successfully changed project path to: C:/Users/brfna/Desktop/UnityProjects/Day2
C:/Users/brfna/Desktop/UnityProjects/Day2
Using Asset Import Pipeline V2.
Refreshing native plugins compatible for Editor in 54.97 ms, found 2 plugins.
Preloading 0 native plugins for Editor in 0.00 ms.
Initialize engine version: 2020.3.40f1 (ba48d4efcef1)
[Subsystems] Discovering subsystems at path C:/Program Files/Unity/Hub/Editor/2020.3.40f1/Editor/Data/Resources/UnitySubsystems
[Subsystems] Discovering subsystems at path C:/Users/brfna/Desktop/UnityProjects/Day2/Assets
GfxDevice: creating device client; threaded=0
Direct3D:
    Version:  Direct3D 11.0 [level 11.1]
    Renderer: NVIDIA GeForce GTX 1050 (ID=0x1c91)
    Vendor:   
    VRAM:     2996 MB
    Driver:   31.0.15.1700
Initialize mono
Mono path[0] = 'C:/Program Files/Unity/Hub/Editor/2020.3.40f1/Editor/Data/Managed'
Mono path[1] = 'C:/Program Files/Unity/Hub/Editor/2020.3.40f1/Editor/Data/MonoBleedingEdge/lib/mono/unityjit'
Mono config path = 'C:/Program Files/Unity/Hub/Editor/2020.3.40f1/Editor/Data/MonoBleedingEdge/etc'
Using monoOptions --debugger-agent=transport=dt_socket,embedding=1,server=y,suspend=n,address=127.0.0.1:56944
Begin MonoManager ReloadAssembly
Registering precompiled unity dll's ...
Register platform support module: C:/Program Files/Unity/Hub/Editor/2020.3.40f1/Editor/Data/PlaybackEngines/WindowsStandaloneSupport/UnityEditor.WindowsStandalone.Extensions.dll
Registered in 0.002952 seconds.
Native extension for WindowsStandalone target not found
Refreshing native plugins compatible for Editor in 48.45 ms, found 2 plugins.
Preloading 0 native plugins for Editor in 0.00 ms.
Mono: successfully reloaded assembly
- Completed reload, in  0.940 seconds
Domain Reload Profiling:
	ReloadAssembly (940ms)
		BeginReloadAssembly (122ms)
			ExecutionOrderSort (0ms)
			DisableScriptedObjects (0ms)
			BackupInstance (0ms)
			ReleaseScriptingObjects (0ms)
			CreateAndSetChildDomain (1ms)
		EndReloadAssembly (722ms)
			LoadAssemblies (122ms)
			RebuildTransferFunctionScriptingTraits (0ms)
			SetupTypeCache (297ms)
			ReleaseScriptCaches (0ms)
			RebuildScriptCaches (44ms)
			SetupLoadedEditorAssemblies (222ms)
				LogAssemblyErrors (0ms)
				InitializePlatformSupportModulesInManaged (6ms)
				SetLoadedEditorAssemblies (0ms)
				RefreshPlugins (49ms)
				BeforeProcessingInitializeOnLoad (22ms)
				ProcessInitializeOnLoadAttributes (110ms)
				ProcessInitializeOnLoadMethodAttributes (35ms)
				AfterProcessingInitializeOnLoad (0ms)
				EditorAssembliesLoaded (0ms)
			ExecutionOrderSort2 (0ms)
			AwakeInstancesAfterBackupRestoration (0ms)
Platform modules already initialized, skipping
Registering precompiled user dll's ...
Registered in 0.008306 seconds.
Begin MonoManager ReloadAssembly
Native extension for WindowsStandalone target not found
Refreshing native plugins compatible for Editor in 0.37 ms, found 2 plugins.
Preloading 0 native plugins for Editor in 0.00 ms.
Mono: successfully reloaded assembly
- Completed reload, in  1.339 seconds
Domain Reload Profiling:
	ReloadAssembly (1341ms)
		BeginReloadAssembly (208ms)
			ExecutionOrderSort (0ms)
			DisableScriptedObjects (6ms)
			BackupInstance (0ms)
			ReleaseScriptingObjects (0ms)
			CreateAndSetChildDomain (23ms)
		EndReloadAssembly (1063ms)
			LoadAssemblies (145ms)
			RebuildTransferFunctionScriptingTraits (0ms)
			SetupTypeCache (371ms)
			ReleaseScriptCaches (0ms)
			RebuildScriptCaches (68ms)
			SetupLoadedEditorAssemblies (397ms)
				LogAssemblyErrors (0ms)
				InitializePlatformSupportModulesInManaged (5ms)
				SetLoadedEditorAssemblies (1ms)
				RefreshPlugins (0ms)
				BeforeProcessingInitializeOnLoad (105ms)
				ProcessInitializeOnLoadAttributes (260ms)
				ProcessInitializeOnLoadMethodAttributes (19ms)
				AfterProcessingInitializeOnLoad (6ms)
				EditorAssembliesLoaded (1ms)
			ExecutionOrderSort2 (0ms)
			AwakeInstancesAfterBackupRestoration (2ms)
Platform modules already initialized, skipping
========================================================================
Worker process is ready to serve import requests
Launched and connected shader compiler UnityShaderCompiler.exe after 0.07 seconds
Refreshing native plugins compatible for Editor in 0.64 ms, found 2 plugins.
Preloading 0 native plugins for Editor in 0.00 ms.
Unloading 1588 Unused Serialized files (Serialized files now loaded: 0)
System memory in use before: 73.9 MB.
System memory in use after: 73.9 MB.

Unloading 17 unused Assets to reduce memory usage. Loaded Objects now: 2024.
Total: 3.051400 ms (FindLiveObjects: 0.131600 ms CreateObjectMapping: 0.057500 ms MarkObjects: 2.767900 ms  DeleteObjects: 0.093600 ms)

AssetImportParameters requested are different than current active one (requested -> active):
  custom:framework-win-MediaFoundation: 216162199b28c13a410421893ffa2e32 -> 
  custom:video-decoder-ogg-theora: a1e56fd34408186e4bbccfd4996cb3dc -> 
  custom:container-muxer-webm: aa71ff27fc2769a1b78a27578f13a17b -> 
  custom:container-demuxer-webm: 4f35f7cbe854078d1ac9338744f61a02 -> 
  custom:container-demuxer-ogg: 62fdf1f143b41e24485cea50d1cbac27 -> 
  custom:video-encoder-webm-vp8: eb34c28f22e8b96e1ab97ce403110664 -> 
  custom:video-decoder-webm-vp8: 9c59270c3fd7afecdb556c50c9e8de78 -> 
  custom:audio-decoder-ogg-vorbis: bf7c407c2cedff20999df2af8eb42d56 -> 
  custom:audio-encoder-webm-vorbis: bf7c407c2cedff20999df2af8eb42d56 -> 
========================================================================
Received Import Request.
  path: Assets/Demo4
  artifactKey: Guid(96199f0142848fc4c905d14458266d70) Importer(815301076,1909f56bfc062723c751e8b465ee728b)
Start importing Assets/Demo4 using Guid(96199f0142848fc4c905d14458266d70) Importer(815301076,1909f56bfc062723c751e8b465ee728b)  -> (artifact id: 'dc4b35611407d135236bbd59ab3bd380') in 0.008201 seconds 
========================================================================
Received Import Request.
  Time since last request: 57.489537 seconds.
  path: Assets/Demo4/Demo4.unity
  artifactKey: Guid(ccde462a47a706c4b9e3461255c8a5a5) Importer(815301076,1909f56bfc062723c751e8b465ee728b)
Start importing Assets/Demo4/Demo4.unity using Guid(ccde462a47a706c4b9e3461255c8a5a5) Importer(815301076,1909f56bfc062723c751e8b465ee728b)  -> (artifact id: '3e85e8f821fedde4232a578011da6507') in 0.007357 seconds 
========================================================================
Received Import Request.
  Time since last request: 656.905879 seconds.
  path: Assets/Demo4/New Material.mat
  artifactKey: Guid(271318e3aa770c24a9d0ce68aac9e146) Importer(815301076,1909f56bfc062723c751e8b465ee728b)
Start importing Assets/Demo4/New Material.mat using Guid(271318e3aa770c24a9d0ce68aac9e146) Importer(815301076,1909f56bfc062723c751e8b465ee728b)  -> (artifact id: 'ded558f38960dc17aaba82899b3e38a4') in 0.267452 seconds 
========================================================================
Received Import Request.
  Time since last request: 14.748512 seconds.
  path: Assets/Demo4/Ground.mat
  artifactKey: Guid(271318e3aa770c24a9d0ce68aac9e146) Importer(815301076,1909f56bfc062723c751e8b465ee728b)
Start importing Assets/Demo4/Ground.mat using Guid(271318e3aa770c24a9d0ce68aac9e146) Importer(815301076,1909f56bfc062723c751e8b465ee728b)  -> (artifact id: '82b87c1e156f2a3e1d044d9548c7289a') in 0.021552 seconds 
AssetImportWorkerClient::OnTransportError - code=2 error=End of file
